TN:
SF:D:\Sneh\Repositories\POCs\Assignment\flight-prices\src\modules\index.js
FN:9,(anonymous_0)
FN:25,(anonymous_1)
FNF:2
FNH:2
FNDA:3,(anonymous_0)
FNDA:2,(anonymous_1)
DA:9,2
DA:10,3
DA:11,3
DA:25,1
DA:26,2
LF:5
LH:5
BRDA:14,0,0,1
BRDA:14,0,1,2
BRF:2
BRH:2
end_of_record
TN:
SF:D:\Sneh\Repositories\POCs\Assignment\flight-prices\src\modules\calendar\screens\dateHeading.js
FN:5,(anonymous_0)
FNF:1
FNH:1
FNDA:1,(anonymous_0)
DA:5,3
DA:6,1
DA:7,1
LF:3
LH:3
BRF:0
BRH:0
end_of_record
TN:
SF:D:\Sneh\Repositories\POCs\Assignment\flight-prices\src\modules\calendar\screens\dateTile.js
FN:6,(anonymous_0)
FNF:1
FNH:1
FNDA:3,(anonymous_0)
DA:6,3
DA:7,3
DA:8,3
LF:3
LH:3
BRDA:10,0,0,1
BRDA:10,0,1,2
BRF:2
BRH:2
end_of_record
TN:
SF:D:\Sneh\Repositories\POCs\Assignment\flight-prices\src\modules\calendar\screens\index.js
FN:15,(anonymous_0)
FN:22,(anonymous_1)
FN:53,(anonymous_2)
FN:61,(anonymous_3)
FN:66,(anonymous_4)
FN:78,(anonymous_5)
FNF:6
FNH:6
FNDA:2,(anonymous_0)
FNDA:5,(anonymous_1)
FNDA:5,(anonymous_2)
FNDA:35,(anonymous_3)
FNDA:105,(anonymous_4)
FNDA:2,(anonymous_5)
DA:11,2
DA:15,2
DA:16,2
DA:17,2
DA:22,2
DA:23,5
DA:24,5
DA:25,5
DA:26,5
DA:27,5
DA:28,5
DA:29,5
DA:30,5
DA:33,5
DA:34,6
DA:35,6
DA:39,5
DA:40,5
DA:43,5
DA:44,9
DA:47,5
DA:53,2
DA:54,5
DA:55,5
DA:57,5
DA:62,35
DA:67,105
DA:78,2
DA:79,2
LF:29
LH:29
BRDA:59,0,0,5
BRDA:59,0,1,1
BRF:2
BRH:2
end_of_record
TN:
SF:D:\Sneh\Repositories\POCs\Assignment\flight-prices\src\modules\calendar\utils\constants.js
FNF:0
FNH:0
DA:1,3
DA:2,3
LF:2
LH:2
BRF:0
BRH:0
end_of_record
TN:
SF:D:\Sneh\Repositories\POCs\Assignment\flight-prices\src\modules\calendar\utils\utilityFunctions.js
FN:1,(anonymous_0)
FNF:1
FNH:1
FNDA:3,(anonymous_0)
DA:1,3
DA:2,3
DA:3,3
DA:4,3
DA:5,90
DA:8,3
LF:6
LH:6
BRF:0
BRH:0
end_of_record
TN:
SF:D:\Sneh\Repositories\POCs\Assignment\flight-prices\src\modules\common\location\index.js
FN:5,(anonymous_0)
FN:11,(anonymous_1)
FNF:2
FNH:2
FNDA:1,(anonymous_0)
FNDA:2,(anonymous_1)
DA:5,3
DA:6,1
DA:7,1
DA:12,2
LF:4
LH:4
BRDA:11,0,0,1
BRDA:11,0,1,1
BRF:2
BRH:2
end_of_record
TN:
SF:D:\Sneh\Repositories\POCs\Assignment\flight-prices\src\modules\search\actionTypes.js
FNF:0
FNH:0
DA:1,6
DA:2,6
DA:3,6
DA:4,6
DA:5,6
LF:5
LH:5
BRF:0
BRH:0
end_of_record
TN:
SF:D:\Sneh\Repositories\POCs\Assignment\flight-prices\src\modules\search\actions.js
FN:7,(anonymous_0)
FN:8,(anonymous_1)
FN:16,(anonymous_2)
FN:21,(anonymous_3)
FN:30,(anonymous_4)
FN:31,(anonymous_5)
FN:36,(anonymous_6)
FN:44,(anonymous_7)
FN:53,(anonymous_8)
FN:59,(anonymous_9)
FNF:10
FNH:10
FNDA:32,(anonymous_0)
FNDA:32,(anonymous_1)
FNDA:1,(anonymous_2)
FNDA:2,(anonymous_3)
FNDA:3,(anonymous_4)
FNDA:3,(anonymous_5)
FNDA:1,(anonymous_6)
FNDA:1,(anonymous_7)
FNDA:1,(anonymous_8)
FNDA:1,(anonymous_9)
DA:7,3
DA:8,32
DA:9,32
DA:12,32
DA:13,32
DA:15,32
DA:17,1
DA:19,1
DA:22,2
DA:30,3
DA:31,3
DA:32,3
DA:33,3
DA:35,3
DA:37,1
DA:39,1
DA:45,1
DA:53,3
DA:54,1
DA:59,3
DA:60,1
LF:21
LH:21
BRF:0
BRH:0
end_of_record
TN:
SF:D:\Sneh\Repositories\POCs\Assignment\flight-prices\src\modules\search\reducer.js
FN:11,(anonymous_0)
FNF:1
FNH:1
FNDA:50,(anonymous_0)
DA:3,5
DA:11,5
DA:12,50
DA:14,31
DA:21,1
DA:28,1
DA:34,2
DA:40,2
DA:47,13
LF:9
LH:9
BRDA:11,0,0,18
BRDA:12,1,0,31
BRDA:12,1,1,1
BRDA:12,1,2,1
BRDA:12,1,3,2
BRDA:12,1,4,2
BRDA:12,1,5,13
BRDA:30,2,0,1
BRDA:30,2,1,1
BRF:9
BRH:9
end_of_record
TN:
SF:D:\Sneh\Repositories\POCs\Assignment\flight-prices\src\modules\search\screens\index.js
FN:19,(anonymous_0)
FN:29,(anonymous_1)
FN:35,(anonymous_2)
FN:46,(anonymous_3)
FN:54,(anonymous_4)
FN:68,(anonymous_5)
FN:92,(anonymous_6)
FN:99,(anonymous_7)
FN:101,(anonymous_8)
FN:102,(anonymous_9)
FN:103,(anonymous_10)
FNF:11
FNH:11
FNDA:1,(anonymous_0)
FNDA:1,(anonymous_1)
FNDA:1,(anonymous_2)
FNDA:30,(anonymous_3)
FNDA:30,(anonymous_4)
FNDA:7,(anonymous_5)
FNDA:4,(anonymous_6)
FNDA:4,(anonymous_7)
FNDA:30,(anonymous_8)
FNDA:1,(anonymous_9)
FNDA:1,(anonymous_10)
DA:13,4
DA:19,4
DA:20,1
DA:21,1
DA:23,1
DA:29,4
DA:30,1
DA:35,4
DA:36,1
DA:37,1
DA:38,1
DA:40,1
DA:41,1
DA:46,1
DA:47,30
DA:48,30
DA:50,30
DA:54,4
DA:55,30
DA:57,30
DA:58,30
DA:59,30
DA:60,30
DA:61,30
DA:62,30
DA:63,30
DA:65,30
DA:68,4
DA:69,7
DA:92,2
DA:93,4
DA:99,2
DA:100,4
DA:101,30
DA:102,1
DA:103,1
LF:36
LH:36
BRF:0
BRH:0
end_of_record
TN:
SF:D:\Sneh\Repositories\POCs\Assignment\flight-prices\src\modules\search\utils\constants.js
FNF:0
FNH:0
DA:1,2
DA:2,2
DA:3,2
LF:3
LH:3
BRF:0
BRH:0
end_of_record
TN:
SF:D:\Sneh\Repositories\POCs\Assignment\flight-prices\src\modules\search\utils\endpoints.js
FNF:0
FNH:0
DA:1,4
DA:2,4
LF:2
LH:2
BRF:0
BRH:0
end_of_record
TN:
SF:D:\Sneh\Repositories\POCs\Assignment\flight-prices\src\modules\search\utils\headers.js
FN:5,(anonymous_0)
FNF:1
FNH:1
FNDA:35,(anonymous_0)
DA:1,3
DA:2,3
DA:3,3
DA:5,3
DA:6,35
LF:5
LH:5
BRF:0
BRH:0
end_of_record
TN:
SF:D:\Sneh\Repositories\POCs\Assignment\flight-prices\src\modules\search\utils\utilityFunctions.js
FN:1,(anonymous_0)
FN:13,(anonymous_1)
FN:20,(anonymous_2)
FN:27,(anonymous_3)
FN:50,(anonymous_4)
FNF:5
FNH:5
FNDA:31,(anonymous_0)
FNDA:30,(anonymous_1)
FNDA:1,(anonymous_2)
FNDA:2,(anonymous_3)
FNDA:1,(anonymous_4)
DA:1,4
DA:2,31
DA:3,31
DA:4,31
DA:5,31
DA:7,31
DA:8,31
DA:10,31
DA:13,4
DA:14,30
DA:15,30
DA:17,30
DA:20,4
DA:21,1
DA:22,1
DA:24,1
DA:27,4
DA:28,2
DA:29,2
DA:30,2
DA:31,2
DA:39,2
DA:40,1
DA:43,1
DA:44,1
DA:47,2
DA:50,4
DA:51,1
LF:28
LH:28
BRDA:7,0,0,30
BRDA:7,0,1,1
BRDA:8,1,0,9
BRDA:8,1,1,22
BRDA:39,2,0,1
BRDA:39,2,1,1
BRF:6
BRH:6
end_of_record
TN:
SF:D:\Sneh\Repositories\POCs\Assignment\flight-prices\src\redux\rootReducer.js
FNF:0
FNH:0
LF:0
LH:0
BRF:0
BRH:0
end_of_record
TN:
SF:D:\Sneh\Repositories\POCs\Assignment\flight-prices\src\redux\store.js
FNF:0
FNH:0
DA:6,4
LF:1
LH:1
BRF:0
BRH:0
end_of_record
TN:
SF:D:\Sneh\Repositories\POCs\Assignment\flight-prices\src\services\services.js
FN:4,(anonymous_0)
FN:8,(anonymous_1)
FNF:2
FNH:2
FNDA:31,(anonymous_0)
FNDA:1,(anonymous_1)
DA:4,4
DA:5,31
DA:8,4
DA:9,1
LF:4
LH:4
BRF:0
BRH:0
end_of_record
